INFO - 2026-02-05 14:32:48 - chia_rep.py:467 - Loading GM12878_ctcf_chiapet_chr22_rep1 ...
INFO - 2026-02-05 14:32:48 - BedGraph.py:59 - Assuming bedgraph file
INFO - 2026-02-05 14:32:48 - BedGraph.py:69 - Reading in hg38.chrom.sizes ...
INFO - 2026-02-05 14:32:48 - BedGraph.py:87 - Reading in /nfs/turbo/umms-minjilab/sionkim/chia_rep/example/example_data/GM12878_ctcf_chiapet_chr22_rep1_cov_ENCFF730GKJ.bedgraph ...
INFO - 2026-02-05 14:32:48 - Chrom_Data.py:68 - Reading in chr22 ...
INFO - 2026-02-05 14:32:53 - Chrom_Data.py:209 - Loading chr22 ...
INFO - 2026-02-05 14:32:53 - genome_bin_data.py:390 - Chromosome chr22 node weights shape (MxN): (20, 500)
INFO - 2026-02-05 14:32:53 - Chrom_Data.py:230 - Freed memory for chr22's index_list
WARNING - 2026-02-05 14:32:53 - genome_bin_data.py:501 - No interactions found in chr22 for window 0 (0-5000000)
WARNING - 2026-02-05 14:32:53 - genome_bin_data.py:501 - No interactions found in chr22 for window 1 (2500000-7500000)
WARNING - 2026-02-05 14:32:53 - genome_bin_data.py:501 - No interactions found in chr22 for window 2 (5000000-10000000)
INFO - 2026-02-05 14:32:53 - genome_bin_data.py:540 - Chromosome chr22 adjacency matrices shape (MxNxN): (20, 500, 500)
INFO - 2026-02-05 14:32:54 - chia_rep.py:467 - Loading GM12878_rnapii_chiapet_chr22_rep1 ...
INFO - 2026-02-05 14:32:54 - BedGraph.py:59 - Assuming bedgraph file
INFO - 2026-02-05 14:32:54 - BedGraph.py:69 - Reading in hg38.chrom.sizes ...
INFO - 2026-02-05 14:32:54 - BedGraph.py:87 - Reading in /nfs/turbo/umms-minjilab/sionkim/chia_rep/example/example_data/GM12878_rnapii_chiapet_chr22_rep1_cov_ENCFF621IJG.bedgraph ...
INFO - 2026-02-05 14:32:54 - Chrom_Data.py:68 - Reading in chr22 ...
INFO - 2026-02-05 14:32:55 - Chrom_Data.py:209 - Loading chr22 ...
INFO - 2026-02-05 14:32:55 - genome_bin_data.py:390 - Chromosome chr22 node weights shape (MxN): (20, 500)
INFO - 2026-02-05 14:32:55 - Chrom_Data.py:230 - Freed memory for chr22's index_list
WARNING - 2026-02-05 14:32:55 - genome_bin_data.py:501 - No interactions found in chr22 for window 0 (0-5000000)
WARNING - 2026-02-05 14:32:55 - genome_bin_data.py:501 - No interactions found in chr22 for window 1 (2500000-7500000)
WARNING - 2026-02-05 14:32:55 - genome_bin_data.py:501 - No interactions found in chr22 for window 2 (5000000-10000000)
WARNING - 2026-02-05 14:32:55 - genome_bin_data.py:501 - No interactions found in chr22 for window 3 (7500000-12500000)
WARNING - 2026-02-05 14:32:55 - genome_bin_data.py:501 - No interactions found in chr22 for window 4 (10000000-15000000)
INFO - 2026-02-05 14:32:55 - genome_bin_data.py:540 - Chromosome chr22 adjacency matrices shape (MxNxN): (20, 500, 500)
INFO - 2026-02-05 14:32:55 - chia_rep.py:222 - Compare GM12878_ctcf_chiapet_chr22_rep1_GM12878_rnapii_chiapet_chr22_rep1
INFO - 2026-02-05 14:32:55 - genome_bin_data.py:666 - Chromosomes to compare: ['chr22']
INFO - 2026-02-05 14:32:55 - genome_bin_data.py:680 - Comparing chr22 ...
DEBUG - 2026-02-05 14:32:57 - genome_bin_data.py:716 - chr22 comp values: [np.float64(0.44724015673557765), np.float64(0.44724015673557765)]
DEBUG - 2026-02-05 14:32:57 - genome_bin_data.py:751 - {'dist_weighted': np.float64(0.44724015673557765), 'dist_unweighted': np.float64(0.44724015673557765)}
INFO - 2026-02-05 14:32:57 - chia_rep.py:255 - GM12878_ctcf_chiapet_chr22_rep1_GM12878_rnapii_chiapet_chr22_rep1 random_walk: 0.447
INFO - 2026-02-05 14:32:57 - chia_rep.py:73 - Results have been written to example_output/5000000.10000.NONE.random_walk.5.0.spearman.False.1.None/scores
